<?xml version="1.0" encoding="UTF-8"?>
<!-- Generated by org.testng.reporters.JUnitReportReporter -->
<testsuite name="com.shoppingcart.testscripts.TC002_ProductDetails" tests="1" time="51.450" ignored="0" failures="1" timestamp="26 Apr 2018 07:01:52 GMT" skipped="0" hostname="INA249SFPT" errors="0">
  <testcase name="verifyProductDetailsAndAddingCart" time="51.450" classname="com.shoppingcart.testscripts.TC002_ProductDetails">
    <failure type="java.lang.AssertionError" message="The following asserts failed:
	SignInPage1 is not displayed expected [Amazon Sign] but found [Amazon Sign In],
	productCount has not matached expected [[[[FirefoxDriver: firefox on XP (443b024a-1c9a-4426-ad88-40852a1f1489)] -&gt; xpath: //*[contains(@id,&#039;result_&#039;)]], [[FirefoxDriver: firefox on XP (443b024a-1c9a-4426-ad88-40852a1f1489)] -&gt; xpath: //*[contains(@id,&#039;result_&#039;)]], [[FirefoxDriver: firefox on XP (443b024a-1c9a-4426-ad88-40852a1f1489)] -&gt; xpath: //*[contains(@id,&#039;result_&#039;)]], [[FirefoxDriver: firefox on XP (443b024a-1c9a-4426-ad88-40852a1f1489)] -&gt; xpath: //*[contains(@id,&#039;result_&#039;)]], [[FirefoxDriver: firefox on XP (443b024a-1c9a-4426-ad88-40852a1f1489)] -&gt; xpath: //*[contains(@id,&#039;result_&#039;)]], [[FirefoxDriver: firefox on XP (443b024a-1c9a-4426-ad88-40852a1f1489)] -&gt; xpath: //*[contains(@id,&#039;result_&#039;)]], [[FirefoxDriver: firefox on XP (443b024a-1c9a-4426-ad88-40852a1f1489)] -&gt; xpath: //*[contains(@id,&#039;result_&#039;)]], [[FirefoxDriver: firefox on XP (443b024a-1c9a-4426-ad88-40852a1f1489)] -&gt; xpath: //*[contains(@id,&#039;result_&#039;)]], [[FirefoxDriver: firefox on XP (443b024a-1c9a-4426-ad88-40852a1f1489)] -&gt; xpath: //*[contains(@id,&#039;result_&#039;)]], [[FirefoxDriver: firefox on XP (443b024a-1c9a-4426-ad88-40852a1f1489)] -&gt; xpath: //*[contains(@id,&#039;result_&#039;)]], [[FirefoxDriver: firefox on XP (443b024a-1c9a-4426-ad88-40852a1f1489)] -&gt; xpath: //*[contains(@id,&#039;result_&#039;)]], [[FirefoxDriver: firefox on XP (443b024a-1c9a-4426-ad88-40852a1f1489)] -&gt; xpath: //*[contains(@id,&#039;result_&#039;)]], [[FirefoxDriver: firefox on XP (443b024a-1c9a-4426-ad88-40852a1f1489)] -&gt; xpath: //*[contains(@id,&#039;result_&#039;)]], [[FirefoxDriver: firefox on XP (443b024a-1c9a-4426-ad88-40852a1f1489)] -&gt; xpath: //*[contains(@id,&#039;result_&#039;)]], [[FirefoxDriver: firefox on XP (443b024a-1c9a-4426-ad88-40852a1f1489)] -&gt; xpath: //*[contains(@id,&#039;result_&#039;)]], [[FirefoxDriver: firefox on XP (443b024a-1c9a-4426-ad88-40852a1f1489)] -&gt; xpath: //*[contains(@id,&#039;result_&#039;)]], [[FirefoxDriver: firefox on XP (443b024a-1c9a-4426-ad88-40852a1f1489)] -&gt; xpath: //*[contains(@id,&#039;result_&#039;)]], [[FirefoxDriver: firefox on XP (443b024a-1c9a-4426-ad88-40852a1f1489)] -&gt; xpath: //*[contains(@id,&#039;result_&#039;)]], [[FirefoxDriver: firefox on XP (443b024a-1c9a-4426-ad88-40852a1f1489)] -&gt; xpath: //*[contains(@id,&#039;result_&#039;)]], [[FirefoxDriver: firefox on XP (443b024a-1c9a-4426-ad88-40852a1f1489)] -&gt; xpath: //*[contains(@id,&#039;result_&#039;)]]]] but found [24],
	firstProduct PageTitle is mis-matched expected [Buy Dell Inspiron 15 3565 15-inch Laptop (7th Gen E2-9000/4GB/1TB/Win. 10 /Integrated Graphics),  Online at Low Prices in India - Amazon.in] but found [Buy Dell Inspiron 15 3565 15-inch Laptop (7th Gen E2-9000/4GB/1TB/Win. 10 /Integrated Graphics), Black Online at Low Prices in India - Amazon.in],
	First product reviews is mis-matched expected [3.0 out of 5 stars] but found [],
	product price is mis-matched expected [22,490.00] but found [   22,480.00],
	addedToCart Message Mis-matched expected [Added To Cart] but found [Added to Cart],
	Expected subtotal is mis-matched expected [22,490.00] but found [  22,480.00],
	Expected page title mis-matched expected [Amazon.in: 200 - 500: Books] but found [Amazon.in: ₹200 - ₹500: Books],
	Count mis-matched in Price Range 200-500Page expected [[[[FirefoxDriver: firefox on XP (443b024a-1c9a-4426-ad88-40852a1f1489)] -&gt; xpath: .//*[contains(@id,&#039;result_&#039;)]], [[FirefoxDriver: firefox on XP (443b024a-1c9a-4426-ad88-40852a1f1489)] -&gt; xpath: .//*[contains(@id,&#039;result_&#039;)]], [[FirefoxDriver: firefox on XP (443b024a-1c9a-4426-ad88-40852a1f1489)] -&gt; xpath: .//*[contains(@id,&#039;result_&#039;)]], [[FirefoxDriver: firefox on XP (443b024a-1c9a-4426-ad88-40852a1f1489)] -&gt; xpath: .//*[contains(@id,&#039;result_&#039;)]], [[FirefoxDriver: firefox on XP (443b024a-1c9a-4426-ad88-40852a1f1489)] -&gt; xpath: .//*[contains(@id,&#039;result_&#039;)]], [[FirefoxDriver: firefox on XP (443b024a-1c9a-4426-ad88-40852a1f1489)] -&gt; xpath: .//*[contains(@id,&#039;result_&#039;)]], [[FirefoxDriver: firefox on XP (443b024a-1c9a-4426-ad88-40852a1f1489)] -&gt; xpath: .//*[contains(@id,&#039;result_&#039;)]], [[FirefoxDriver: firefox on XP (443b024a-1c9a-4426-ad88-40852a1f1489)] -&gt; xpath: .//*[contains(@id,&#039;result_&#039;)]], [[FirefoxDriver: firefox on XP (443b024a-1c9a-4426-ad88-40852a1f1489)] -&gt; xpath: .//*[contains(@id,&#039;result_&#039;)]], [[FirefoxDriver: firefox on XP (443b024a-1c9a-4426-ad88-40852a1f1489)] -&gt; xpath: .//*[contains(@id,&#039;result_&#039;)]], [[FirefoxDriver: firefox on XP (443b024a-1c9a-4426-ad88-40852a1f1489)] -&gt; xpath: .//*[contains(@id,&#039;result_&#039;)]], [[FirefoxDriver: firefox on XP (443b024a-1c9a-4426-ad88-40852a1f1489)] -&gt; xpath: .//*[contains(@id,&#039;result_&#039;)]], [[FirefoxDriver: firefox on XP (443b024a-1c9a-4426-ad88-40852a1f1489)] -&gt; xpath: .//*[contains(@id,&#039;result_&#039;)]], [[FirefoxDriver: firefox on XP (443b024a-1c9a-4426-ad88-40852a1f1489)] -&gt; xpath: .//*[contains(@id,&#039;result_&#039;)]], [[FirefoxDriver: firefox on XP (443b024a-1c9a-4426-ad88-40852a1f1489)] -&gt; xpath: .//*[contains(@id,&#039;result_&#039;)]], [[FirefoxDriver: firefox on XP (443b024a-1c9a-4426-ad88-40852a1f1489)] -&gt; xpath: .//*[contains(@id,&#039;result_&#039;)]], [[FirefoxDriver: firefox on XP (443b024a-1c9a-4426-ad88-40852a1f1489)] -&gt; xpath: .//*[contains(@id,&#039;result_&#039;)]], [[FirefoxDriver: firefox on XP (443b024a-1c9a-4426-ad88-40852a1f1489)] -&gt; xpath: .//*[contains(@id,&#039;result_&#039;)]], [[FirefoxDriver: firefox on XP (443b024a-1c9a-4426-ad88-40852a1f1489)] -&gt; xpath: .//*[contains(@id,&#039;result_&#039;)]], [[FirefoxDriver: firefox on XP (443b024a-1c9a-4426-ad88-40852a1f1489)] -&gt; xpath: .//*[contains(@id,&#039;result_&#039;)]]]] but found [17]">
      <![CDATA[java.lang.AssertionError: The following asserts failed:
	SignInPage1 is not displayed expected [Amazon Sign] but found [Amazon Sign In],
	productCount has not matached expected [[[[FirefoxDriver: firefox on XP (443b024a-1c9a-4426-ad88-40852a1f1489)] -> xpath: //*[contains(@id,'result_')]], [[FirefoxDriver: firefox on XP (443b024a-1c9a-4426-ad88-40852a1f1489)] -> xpath: //*[contains(@id,'result_')]], [[FirefoxDriver: firefox on XP (443b024a-1c9a-4426-ad88-40852a1f1489)] -> xpath: //*[contains(@id,'result_')]], [[FirefoxDriver: firefox on XP (443b024a-1c9a-4426-ad88-40852a1f1489)] -> xpath: //*[contains(@id,'result_')]], [[FirefoxDriver: firefox on XP (443b024a-1c9a-4426-ad88-40852a1f1489)] -> xpath: //*[contains(@id,'result_')]], [[FirefoxDriver: firefox on XP (443b024a-1c9a-4426-ad88-40852a1f1489)] -> xpath: //*[contains(@id,'result_')]], [[FirefoxDriver: firefox on XP (443b024a-1c9a-4426-ad88-40852a1f1489)] -> xpath: //*[contains(@id,'result_')]], [[FirefoxDriver: firefox on XP (443b024a-1c9a-4426-ad88-40852a1f1489)] -> xpath: //*[contains(@id,'result_')]], [[FirefoxDriver: firefox on XP (443b024a-1c9a-4426-ad88-40852a1f1489)] -> xpath: //*[contains(@id,'result_')]], [[FirefoxDriver: firefox on XP (443b024a-1c9a-4426-ad88-40852a1f1489)] -> xpath: //*[contains(@id,'result_')]], [[FirefoxDriver: firefox on XP (443b024a-1c9a-4426-ad88-40852a1f1489)] -> xpath: //*[contains(@id,'result_')]], [[FirefoxDriver: firefox on XP (443b024a-1c9a-4426-ad88-40852a1f1489)] -> xpath: //*[contains(@id,'result_')]], [[FirefoxDriver: firefox on XP (443b024a-1c9a-4426-ad88-40852a1f1489)] -> xpath: //*[contains(@id,'result_')]], [[FirefoxDriver: firefox on XP (443b024a-1c9a-4426-ad88-40852a1f1489)] -> xpath: //*[contains(@id,'result_')]], [[FirefoxDriver: firefox on XP (443b024a-1c9a-4426-ad88-40852a1f1489)] -> xpath: //*[contains(@id,'result_')]], [[FirefoxDriver: firefox on XP (443b024a-1c9a-4426-ad88-40852a1f1489)] -> xpath: //*[contains(@id,'result_')]], [[FirefoxDriver: firefox on XP (443b024a-1c9a-4426-ad88-40852a1f1489)] -> xpath: //*[contains(@id,'result_')]], [[FirefoxDriver: firefox on XP (443b024a-1c9a-4426-ad88-40852a1f1489)] -> xpath: //*[contains(@id,'result_')]], [[FirefoxDriver: firefox on XP (443b024a-1c9a-4426-ad88-40852a1f1489)] -> xpath: //*[contains(@id,'result_')]], [[FirefoxDriver: firefox on XP (443b024a-1c9a-4426-ad88-40852a1f1489)] -> xpath: //*[contains(@id,'result_')]]]] but found [24],
	firstProduct PageTitle is mis-matched expected [Buy Dell Inspiron 15 3565 15-inch Laptop (7th Gen E2-9000/4GB/1TB/Win. 10 /Integrated Graphics),  Online at Low Prices in India - Amazon.in] but found [Buy Dell Inspiron 15 3565 15-inch Laptop (7th Gen E2-9000/4GB/1TB/Win. 10 /Integrated Graphics), Black Online at Low Prices in India - Amazon.in],
	First product reviews is mis-matched expected [3.0 out of 5 stars] but found [],
	product price is mis-matched expected [22,490.00] but found [   22,480.00],
	addedToCart Message Mis-matched expected [Added To Cart] but found [Added to Cart],
	Expected subtotal is mis-matched expected [22,490.00] but found [  22,480.00],
	Expected page title mis-matched expected [Amazon.in: 200 - 500: Books] but found [Amazon.in: ₹200 - ₹500: Books],
	Count mis-matched in Price Range 200-500Page expected [[[[FirefoxDriver: firefox on XP (443b024a-1c9a-4426-ad88-40852a1f1489)] -> xpath: .//*[contains(@id,'result_')]], [[FirefoxDriver: firefox on XP (443b024a-1c9a-4426-ad88-40852a1f1489)] -> xpath: .//*[contains(@id,'result_')]], [[FirefoxDriver: firefox on XP (443b024a-1c9a-4426-ad88-40852a1f1489)] -> xpath: .//*[contains(@id,'result_')]], [[FirefoxDriver: firefox on XP (443b024a-1c9a-4426-ad88-40852a1f1489)] -> xpath: .//*[contains(@id,'result_')]], [[FirefoxDriver: firefox on XP (443b024a-1c9a-4426-ad88-40852a1f1489)] -> xpath: .//*[contains(@id,'result_')]], [[FirefoxDriver: firefox on XP (443b024a-1c9a-4426-ad88-40852a1f1489)] -> xpath: .//*[contains(@id,'result_')]], [[FirefoxDriver: firefox on XP (443b024a-1c9a-4426-ad88-40852a1f1489)] -> xpath: .//*[contains(@id,'result_')]], [[FirefoxDriver: firefox on XP (443b024a-1c9a-4426-ad88-40852a1f1489)] -> xpath: .//*[contains(@id,'result_')]], [[FirefoxDriver: firefox on XP (443b024a-1c9a-4426-ad88-40852a1f1489)] -> xpath: .//*[contains(@id,'result_')]], [[FirefoxDriver: firefox on XP (443b024a-1c9a-4426-ad88-40852a1f1489)] -> xpath: .//*[contains(@id,'result_')]], [[FirefoxDriver: firefox on XP (443b024a-1c9a-4426-ad88-40852a1f1489)] -> xpath: .//*[contains(@id,'result_')]], [[FirefoxDriver: firefox on XP (443b024a-1c9a-4426-ad88-40852a1f1489)] -> xpath: .//*[contains(@id,'result_')]], [[FirefoxDriver: firefox on XP (443b024a-1c9a-4426-ad88-40852a1f1489)] -> xpath: .//*[contains(@id,'result_')]], [[FirefoxDriver: firefox on XP (443b024a-1c9a-4426-ad88-40852a1f1489)] -> xpath: .//*[contains(@id,'result_')]], [[FirefoxDriver: firefox on XP (443b024a-1c9a-4426-ad88-40852a1f1489)] -> xpath: .//*[contains(@id,'result_')]], [[FirefoxDriver: firefox on XP (443b024a-1c9a-4426-ad88-40852a1f1489)] -> xpath: .//*[contains(@id,'result_')]], [[FirefoxDriver: firefox on XP (443b024a-1c9a-4426-ad88-40852a1f1489)] -> xpath: .//*[contains(@id,'result_')]], [[FirefoxDriver: firefox on XP (443b024a-1c9a-4426-ad88-40852a1f1489)] -> xpath: .//*[contains(@id,'result_')]], [[FirefoxDriver: firefox on XP (443b024a-1c9a-4426-ad88-40852a1f1489)] -> xpath: .//*[contains(@id,'result_')]], [[FirefoxDriver: firefox on XP (443b024a-1c9a-4426-ad88-40852a1f1489)] -> xpath: .//*[contains(@id,'result_')]]]] but found [17]
	at org.testng.asserts.SoftAssert.assertAll(SoftAssert.java:43)
	at com.shoppingcart.testscripts.TC002_ProductDetails.verifyProductDetailsAndAddingCart(TC002_ProductDetails.java:78)
	at sun.reflect.NativeMethodAccessorImpl.invoke0(Native Method)
	at sun.reflect.NativeMethodAccessorImpl.invoke(Unknown Source)
	at sun.reflect.DelegatingMethodAccessorImpl.invoke(Unknown Source)
	at java.lang.reflect.Method.invoke(Unknown Source)
	at org.testng.internal.MethodInvocationHelper.invokeMethod(MethodInvocationHelper.java:104)
	at org.testng.internal.Invoker.invokeMethod(Invoker.java:645)
	at org.testng.internal.Invoker.invokeTestMethod(Invoker.java:851)
	at org.testng.internal.Invoker.invokeTestMethods(Invoker.java:1177)
	at org.testng.internal.TestMethodWorker.invokeTestMethods(TestMethodWorker.java:129)
	at org.testng.internal.TestMethodWorker.run(TestMethodWorker.java:112)
	at org.testng.TestRunner.privateRun(TestRunner.java:756)
	at org.testng.TestRunner.run(TestRunner.java:610)
	at org.testng.SuiteRunner.runTest(SuiteRunner.java:387)
	at org.testng.SuiteRunner.runSequentially(SuiteRunner.java:382)
	at org.testng.SuiteRunner.privateRun(SuiteRunner.java:340)
	at org.testng.SuiteRunner.run(SuiteRunner.java:289)
	at org.testng.SuiteRunnerWorker.runSuite(SuiteRunnerWorker.java:52)
	at org.testng.SuiteRunnerWorker.run(SuiteRunnerWorker.java:86)
	at org.testng.TestNG.runSuitesSequentially(TestNG.java:1293)
	at org.testng.TestNG.runSuitesLocally(TestNG.java:1218)
	at org.testng.TestNG.runSuites(TestNG.java:1133)
	at org.testng.TestNG.run(TestNG.java:1104)
	at org.testng.remote.AbstractRemoteTestNG.run(AbstractRemoteTestNG.java:114)
	at org.testng.remote.RemoteTestNG.initAndRun(RemoteTestNG.java:251)
	at org.testng.remote.RemoteTestNG.main(RemoteTestNG.java:77)
]]>
    </failure>
  </testcase> <!-- verifyProductDetailsAndAddingCart -->
</testsuite> <!-- com.shoppingcart.testscripts.TC002_ProductDetails -->
