<?xml version="1.0" encoding="UTF-8"?>
<!-- Generated by org.testng.reporters.JUnitReportReporter -->
<testsuite name="com.shoppingcart.testscripts.TC_003_AccountDetailsUpdation" tests="1" time="18.606" ignored="0" failures="0" timestamp="08 May 2018 12:56:35 GMT" skipped="0" hostname="INA249SFPT" errors="0">
  <testcase name="updateAcountDetailsForCustomer" time="18.606" classname="com.shoppingcart.testscripts.TC_003_AccountDetailsUpdation"/>
</testsuite> <!-- com.shoppingcart.testscripts.TC_003_AccountDetailsUpdation -->
